[debug] [2017-11-18T14:36:14.900Z] ----------------------------------------------------------------------
[debug] [2017-11-18T14:36:14.903Z] Command:       /Users/helmuth/.nvm/versions/node/v6.11.4/bin/node /Users/helmuth/.nvm/versions/node/v6.11.4/bin/firebase deploy --only functions:dialogflowFirebaseFulfillment
[debug] [2017-11-18T14:36:14.903Z] CLI Version:   3.14.0
[debug] [2017-11-18T14:36:14.903Z] Platform:      darwin
[debug] [2017-11-18T14:36:14.903Z] Node Version:  v6.11.4
[debug] [2017-11-18T14:36:14.904Z] Time:          Sat Nov 18 2017 15:36:14 GMT+0100 (CET)
[debug] [2017-11-18T14:36:14.904Z] ----------------------------------------------------------------------
[debug] 
[debug] [2017-11-18T14:36:14.917Z] > command requires scopes: ["email","openid","https://www.googleapis.com/auth/cloudplatformprojects.readonly","https://www.googleapis.com/auth/firebase","https://www.googleapis.com/auth/cloud-platform"]
[debug] [2017-11-18T14:36:14.917Z] > authorizing via signed-in user
[debug] [2017-11-18T14:36:14.919Z] >>> HTTP REQUEST GET https://admin.firebase.com/v1/projects/event-action  
 Sat Nov 18 2017 15:36:14 GMT+0100 (CET)
[debug] [2017-11-18T14:36:15.787Z] <<< HTTP RESPONSE 200
[debug] [2017-11-18T14:36:15.788Z] >>> HTTP REQUEST GET https://admin.firebase.com/v1/database/event-action/tokens  
 Sat Nov 18 2017 15:36:15 GMT+0100 (CET)
[debug] [2017-11-18T14:36:16.910Z] <<< HTTP RESPONSE 200
[info] 1
[info] 
[info] === Deploying to 'event-action'...
[info] 
[info] i  deploying functions
[debug] [2017-11-18T14:36:18.559Z] > [functions] package.json contents: {
  "name": "dialogflowFirebaseFulfillment",
  "description": "This is the default fulfillment for a Dialogflow agents using Cloud Functions for Firebase",
  "version": "0.0.1",
  "private": true,
  "license": "Apache Version 2.0",
  "author": "Google Inc.",
  "engines": {
    "node": "~6.0"
  },
  "scripts": {
    "start": "firebase serve --only functions:dialogflowFirebaseFulfillment",
    "deploy": "firebase deploy --only functions:dialogflowFirebaseFulfillment"
  },
  "dependencies": {
    "actions-on-google": "^1.5.x",
    "firebase-admin": "^5.4.2",
    "firebase-functions": "^0.7.1",
    "apiai": "^4.0.3",
    "moment-timezone": "^0.5.11"
  }
}
[info] i  functions: ensuring necessary APIs are enabled...
[info] i  runtimeconfig: ensuring necessary APIs are enabled...
[debug] [2017-11-18T14:36:18.561Z] >>> HTTP REQUEST GET https://servicemanagement.googleapis.com/v1/services/cloudfunctions.googleapis.com/projectSettings/event-action?view=CONSUMER_VIEW  
 Sat Nov 18 2017 15:36:18 GMT+0100 (CET)
[debug] [2017-11-18T14:36:18.561Z] >>> HTTP REQUEST GET https://servicemanagement.googleapis.com/v1/services/runtimeconfig.googleapis.com/projectSettings/event-action?view=CONSUMER_VIEW  
 Sat Nov 18 2017 15:36:18 GMT+0100 (CET)
[debug] [2017-11-18T14:36:19.449Z] <<< HTTP RESPONSE 200
[info] ✔  runtimeconfig: all necessary APIs are enabled
[debug] [2017-11-18T14:36:19.589Z] <<< HTTP RESPONSE 200
[info] ✔  functions: all necessary APIs are enabled
[debug] [2017-11-18T14:36:19.591Z] >>> HTTP REQUEST GET https://appengine.googleapis.com/v1/apps/event-action  
 Sat Nov 18 2017 15:36:19 GMT+0100 (CET)
[debug] [2017-11-18T14:36:19.591Z] >>> HTTP REQUEST GET https://apikeys.googleapis.com/v1/projects/event-action/apiKeys  
 Sat Nov 18 2017 15:36:19 GMT+0100 (CET)
[debug] [2017-11-18T14:36:20.288Z] <<< HTTP RESPONSE 200
[debug] [2017-11-18T14:36:20.290Z] <<< HTTP RESPONSE 200
[info] i  functions: preparing functions directory for uploading...
[debug] [2017-11-18T14:36:23.790Z] >>> HTTP REQUEST GET https://runtimeconfig.googleapis.com/v1beta1/projects/event-action/configs  
 Sat Nov 18 2017 15:36:23 GMT+0100 (CET)
[debug] [2017-11-18T14:36:24.434Z] <<< HTTP RESPONSE 200
[info] i  functions: packaged functions (6.86 KB) for uploading
[debug] [2017-11-18T14:36:28.718Z] >>> HTTP REQUEST GET https://www.googleapis.com/storage/v1/b/staging.event-action.appspot.com  
 Sat Nov 18 2017 15:36:28 GMT+0100 (CET)
[debug] [2017-11-18T14:36:29.178Z] <<< HTTP RESPONSE 200
[debug] [2017-11-18T14:36:29.179Z] >>> HTTP REQUEST POST https://www.googleapis.com/upload/storage/v1/b/staging.event-action.appspot.com/o?uploadType=media&name=firebase-functions-source ReadStream {
  _readableState: 
   ReadableState {
     objectMode: false,
     highWaterMark: 65536,
     buffer: BufferList { head: [Object], tail: [Object], length: 1 },
     length: 7029,
     pipes: null,
     pipesCount: 0,
     flowing: null,
     ended: true,
     endEmitted: false,
     reading: false,
     sync: false,
     needReadable: false,
     emittedReadable: true,
     readableListening: false,
     resumeScheduled: false,
     defaultEncoding: 'utf8',
     ranOut: false,
     awaitDrain: 0,
     readingMore: false,
     decoder: null,
     encoding: null },
  readable: true,
  domain: null,
  _events: { end: [Function] },
  _eventsCount: 1,
  _maxListeners: undefined,
  path: '/var/folders/7w/zyj67khs517_lrv05k_13vvw0000gn/T/firebase-functions-9115Opk0nvy9ePIF.zip',
  fd: 20,
  flags: 'r',
  mode: 438,
  start: undefined,
  end: undefined,
  autoClose: true,
  pos: undefined,
  bytesRead: 7029 } 
 Sat Nov 18 2017 15:36:29 GMT+0100 (CET)
[debug] [2017-11-18T14:36:29.912Z] <<< HTTP RESPONSE 200
[info] ✔  functions: functions folder uploaded successfully
[debug] [2017-11-18T14:36:29.914Z] >>> HTTP REQUEST GET https://cloudfunctions.googleapis.com/v1beta2/projects/event-action/locations/us-central1/functions  
 Sat Nov 18 2017 15:36:29 GMT+0100 (CET)
[debug] [2017-11-18T14:36:30.530Z] <<< HTTP RESPONSE 200
[debug] [2017-11-18T14:36:30.532Z] > [functions] filtering triggers to: [
  "dialogflowFirebaseFulfillment"
]
[info] i  functions: current functions in project: dialogflowFirebaseFulfillment
[info] i  functions: uploading functions in project: dialogflowFirebaseFulfillment
[info] i  functions: updating function dialogflowFirebaseFulfillment...
[debug] [2017-11-18T14:36:30.538Z] Trigger is: 
[debug] [2017-11-18T14:36:30.539Z] >>> HTTP REQUEST PUT https://cloudfunctions.googleapis.com/v1beta2/projects/event-action/locations/us-central1/functions/dialogflowFirebaseFulfillment { sourceArchiveUrl: 'gs://staging.event-action.appspot.com/firebase-functions-source',
  name: 'projects/event-action/locations/us-central1/functions/dialogflowFirebaseFulfillment',
  entryPoint: 'dialogflowFirebaseFulfillment',
  timeout: '60s',
  availableMemoryMb: 256,
  labels: { 'deployment-tool': 'cli-firebase' },
  httpsTrigger: {} } 
 Sat Nov 18 2017 15:36:30 GMT+0100 (CET)
[debug] [2017-11-18T14:36:31.243Z] <<< HTTP RESPONSE 200
[debug] [2017-11-18T14:36:31.245Z] >>> HTTP REQUEST GET https://cloudfunctions.googleapis.com/v1beta2/operations/ZXZlbnQtYWN0aW9uL3VzLWNlbnRyYWwxL2RpYWxvZ2Zsb3dGaXJlYmFzZUZ1bGZpbGxtZW50L0Y1NmhNTHFCbFVj  
 Sat Nov 18 2017 15:36:31 GMT+0100 (CET)
[debug] [2017-11-18T14:36:31.858Z] <<< HTTP RESPONSE 200
[debug] [2017-11-18T14:36:33.862Z] >>> HTTP REQUEST GET https://cloudfunctions.googleapis.com/v1beta2/operations/ZXZlbnQtYWN0aW9uL3VzLWNlbnRyYWwxL2RpYWxvZ2Zsb3dGaXJlYmFzZUZ1bGZpbGxtZW50L0Y1NmhNTHFCbFVj  
 Sat Nov 18 2017 15:36:33 GMT+0100 (CET)
[debug] [2017-11-18T14:36:34.829Z] <<< HTTP RESPONSE 200
[debug] [2017-11-18T14:36:36.832Z] >>> HTTP REQUEST GET https://cloudfunctions.googleapis.com/v1beta2/operations/ZXZlbnQtYWN0aW9uL3VzLWNlbnRyYWwxL2RpYWxvZ2Zsb3dGaXJlYmFzZUZ1bGZpbGxtZW50L0Y1NmhNTHFCbFVj  
 Sat Nov 18 2017 15:36:36 GMT+0100 (CET)
[debug] [2017-11-18T14:36:37.387Z] <<< HTTP RESPONSE 200
